0 info it worked if it ends with ok
1 verbose cli [ 'c:\\Program Files (x86)\\nodejs\\node.exe',
1 verbose cli   'c:\\Program Files (x86)\\nodejs\\node_modules\\npm\\bin\\npm-cli.js',
1 verbose cli   'run',
1 verbose cli   'start',
1 verbose cli   'dev' ]
2 info using npm@1.4.28
3 info using node@v0.10.32
4 error Error: ENOENT, open 'c:\Users\Morgan\desktop\newproject\adfame\node_modules\start\package.json'
5 error If you need help, you may report this *entire* log,
5 error including the npm and node versions, at:
5 error     <http://github.com/npm/npm/issues>
6 error System Windows_NT 6.2.9200
7 error command "c:\\Program Files (x86)\\nodejs\\node.exe" "c:\\Program Files (x86)\\nodejs\\node_modules\\npm\\bin\\npm-cli.js" "run" "start" "dev"
8 error cwd c:\Users\Morgan\desktop\newproject\adfame
9 error node -v v0.10.32
10 error npm -v 1.4.28
11 error path c:\Users\Morgan\desktop\newproject\adfame\node_modules\start\package.json
12 error code ENOENT
13 error errno 34
14 verbose exit [ 34, true ]
