0 info it worked if it ends with ok
1 verbose cli [ 'node', '/usr/local/bin/npm', 'run', 'watch' ]
2 info using npm@1.4.23
3 info using node@v0.10.31
4 verbose run-script [ 'prewatch', 'watch', 'postwatch' ]
5 info prewatch browserify-seed@0.3.2
6 info watch browserify-seed@0.3.2
7 verbose unsafe-perm in lifecycle true
8 info browserify-seed@0.3.2 Failed to exec watch script
9 error browserify-seed@0.3.2 watch: `watchify src/index.js -o public/bundle.js --debug --verbose`
9 error Exit status 8
10 error Failed at the browserify-seed@0.3.2 watch script.
10 error This is most likely a problem with the browserify-seed package,
10 error not with npm itself.
10 error Tell the author that this fails on your system:
10 error     watchify src/index.js -o public/bundle.js --debug --verbose
10 error You can get their info via:
10 error     npm owner ls browserify-seed
10 error There is likely additional logging output above.
11 error System Darwin 14.0.0
12 error command "node" "/usr/local/bin/npm" "run" "watch"
13 error cwd /Users/pshatara/Documents/Programming/HackReactor/AdFame/public
14 error node -v v0.10.31
15 error npm -v 1.4.23
16 error code ELIFECYCLE
17 verbose exit [ 1, true ]
